<?xml version="1.0" encoding="UTF-8"?>
<!-- Generated by org.testng.reporters.JUnitReportReporter -->
<testsuite skipped="0" hostname="DESKTOP-488FP15" name="Test.Demo" tests="1" failures="0" timestamp="2019-09-05T08:29:33 IST" time="0.016" errors="0">
  <testcase name="testA" time="0.016" classname="Test.Demo"/>
</testsuite> <!-- Test.Demo -->
